2026-06-20 21:56:05 - root - INFO - Logging to file: C:\Users\Lenovo\Desktop\聚宽\logs\20260620\pipeline_215605.log
2026-06-20 21:56:05 - backtest.original - INFO - Loading close prices from local zips...
2026-06-20 21:56:05 - backtest.original - INFO -   Reading 全A日K/2024.zip...
2026-06-20 21:56:09 - backtest.original - INFO -   Reading 全A日K/2025.zip...
2026-06-20 21:56:14 - backtest.original - INFO -   Reading 全A日K/2026.zip...
2026-06-20 21:56:18 - backtest.original - INFO -   Loaded 293337 price records, 500 stocks
2026-06-20 21:56:18 - backtest.original - INFO - Running backtest [original]...
2026-06-20 21:56:18 - backtest.original - INFO -   Top N: 10, Rebalance freq: 5 days
2026-06-20 21:56:18 - backtest.original - INFO -   Buy cost: 0.0800%, Sell cost: 0.1800%
2026-06-20 21:56:18 - backtest.original - INFO -   Total dates: 348, Rebalance dates: 70
2026-06-20 21:56:19 - backtest.original - INFO -   Final NAV: 486.5411
2026-06-20 21:56:19 - backtest.original - INFO -   Saved backtest_results\original_records.csv
2026-06-20 21:56:19 - backtest.original - INFO -   Saved backtest_results\original_metrics.csv
2026-06-20 21:56:19 - backtest.mined - INFO - Loading close prices from local zips...
2026-06-20 21:56:19 - backtest.mined - INFO -   Reading 全A日K/2024.zip...
2026-06-20 21:56:23 - backtest.mined - INFO -   Reading 全A日K/2025.zip...
2026-06-20 21:56:28 - backtest.mined - INFO -   Reading 全A日K/2026.zip...
2026-06-20 21:56:32 - backtest.mined - INFO -   Loaded 293337 price records, 500 stocks
2026-06-20 21:56:32 - backtest.mined - INFO - Running backtest [mined]...
2026-06-20 21:56:32 - backtest.mined - INFO -   Top N: 10, Rebalance freq: 5 days
2026-06-20 21:56:32 - backtest.mined - INFO -   Buy cost: 0.0800%, Sell cost: 0.1800%
2026-06-20 21:56:32 - backtest.mined - INFO -   Total dates: 348, Rebalance dates: 70
2026-06-20 21:56:33 - backtest.mined - INFO -   Final NAV: 482.6306
2026-06-20 21:56:33 - backtest.mined - INFO -   Saved backtest_results\mined_records.csv
2026-06-20 21:56:33 - backtest.mined - INFO -   Saved backtest_results\mined_metrics.csv
2026-06-20 21:56:33 - backtest.pure_ic - INFO - Loading close prices from local zips...
2026-06-20 21:56:33 - backtest.pure_ic - INFO -   Reading 全A日K/2024.zip...
2026-06-20 21:56:37 - backtest.pure_ic - INFO -   Reading 全A日K/2025.zip...
2026-06-20 21:56:42 - backtest.pure_ic - INFO -   Reading 全A日K/2026.zip...
2026-06-20 21:56:46 - backtest.pure_ic - INFO -   Loaded 293337 price records, 500 stocks
2026-06-20 21:56:46 - backtest.pure_ic - INFO - Running backtest [pure_ic]...
2026-06-20 21:56:46 - backtest.pure_ic - INFO -   Top N: 10, Rebalance freq: 5 days
2026-06-20 21:56:46 - backtest.pure_ic - INFO -   Buy cost: 0.0800%, Sell cost: 0.1800%
2026-06-20 21:56:46 - backtest.pure_ic - INFO -   Total dates: 348, Rebalance dates: 70
2026-06-20 21:56:47 - backtest.pure_ic - INFO -   Final NAV: 1.2192
2026-06-20 21:56:47 - backtest.pure_ic - INFO -   Saved backtest_results\pure_ic_records.csv
2026-06-20 21:56:47 - backtest.pure_ic - INFO -   Saved backtest_results\pure_ic_metrics.csv
2026-06-20 21:56:47 - backtest.CSI500_EW - INFO - Loading close prices for benchmark [CSI500_EW]...
2026-06-20 21:57:00 - backtest.CSI500_EW - INFO -   Loaded 293337 price records, 500 stocks
