2026-06-20 22:08:18 - root - INFO - Logging to file: C:\Users\Lenovo\Desktop\УЂџт«й\logs\20260620\pipeline_220818.log
2026-06-20 22:08:18 - strategy.Mined - INFO - ============================================================
2026-06-20 22:08:18 - strategy.Mined - INFO - Strategy [Mined] pipeline started
2026-06-20 22:08:18 - strategy.Mined - INFO - ============================================================
2026-06-20 22:08:18 - strategy.Mined - INFO - Loading processed base factors and mined factors...
2026-06-20 22:08:36 - strategy.Mined - INFO -   Merged data: 173490 rows, 348 dates
2026-06-20 22:08:36 - strategy.Mined - INFO -   Base factors: 15, Mined factors: 12
2026-06-20 22:08:36 - strategy.Mined - INFO - Preprocessing merged V2 data...
2026-06-20 22:08:36 - strategy.Mined - ERROR - Strategy [Mined] failed: 'DataFrame' object has no attribute 'dtype'
Traceback (most recent call last):
  File "C:\Users\Lenovo\Desktop\УЂџт«й\factor_engine\strategy\base.py", line 260, in run
    self.preprocess()
    ~~~~~~~~~~~~~~~^^
  File "C:\Users\Lenovo\Desktop\УЂџт«й\factor_engine\strategy\mined.py", line 71, in preprocess
    save_dataframe(self.df_proc[save_cols], self.get_processed_table(), if_exists='replace')
    ~~~~~~~~~~~~~~^^^^^^^^^^^^^^^^^^^^^^^^^^^^^^^^^^^^^^^^^^^^^^^^^^^^^^^^^^^^^^^^^^^^^^^^^^
  File "C:\Users\Lenovo\Desktop\УЂџт«й\factor_engine\data\db.py", line 77, in save_dataframe
    _create_table_from_df(df, table_name, conn)
    ~~~~~~~~~~~~~~~~~~~~~^^^^^^^^^^^^^^^^^^^^^^
  File "C:\Users\Lenovo\Desktop\УЂџт«й\factor_engine\data\db.py", line 52, in _create_table_from_df
    mysql_type = _infer_mysql_type(df[col].dtype)
                                   ^^^^^^^^^^^^^
  File "D:\vnstudio2026\Lib\site-packages\pandas\core\generic.py", line 6299, in __getattr__
    return object.__getattribute__(self, name)
           ~~~~~~~~~~~~~~~~~~~~~~~^^^^^^^^^^^^
AttributeError: 'DataFrame' object has no attribute 'dtype'. Did you mean: 'dtypes'?
