2026-06-20 22:56:03 - root - INFO - Logging to file: C:\Users\Lenovo\Desktop\聚宽\logs\20260620\pipeline_225603.log
2026-06-20 22:56:03 - strategy.Original - INFO - ============================================================
2026-06-20 22:56:03 - strategy.Original - INFO - Strategy [Original] pipeline started
2026-06-20 22:56:03 - strategy.Original - INFO - ============================================================
2026-06-20 22:56:03 - strategy.Original - INFO - Loading raw data from database...
2026-06-20 22:56:06 - strategy.Original - INFO -   Raw data: 175490 rows, 352 dates
2026-06-20 22:56:06 - strategy.Original - INFO - Preprocessing data (MAD -> market-cap neutralize -> ZScore)...
2026-06-20 22:56:28 - strategy.Original - INFO -   Processed data: 175490 rows
2026-06-20 22:56:38 - strategy.Original - INFO - IC analysis and factor selection...
2026-06-20 22:56:47 - strategy.Original - INFO - Selected 11 factors: ['fcfp_ttm', 'capex2sales', 'op_profit_chg1y', 'price_chg120d', 'ocfp_ttm', 'revenues_ln', 'ocf_to_operating_profit', 'ep_deducted_ttm', 'asset_ln', 'amount_mean_20d', 'currentratio']
2026-06-20 22:56:47 - strategy.Original - INFO - Aligning factor directions (IC < 0 -> flip)...
2026-06-20 22:56:47 - strategy.Original - INFO -   Flipped price_chg120d (IC=-0.0159)
2026-06-20 22:56:47 - strategy.Original - INFO -   Flipped amount_mean_20d (IC=-0.0007)
2026-06-20 22:56:47 - strategy.Original - INFO - Training LightGBM model...
2026-06-20 22:56:48 - strategy.Original - INFO -   Final weights: {'fcfp_ttm': 0.11418762940864279, 'capex2sales': 0.0984168197860348, 'op_profit_chg1y': 0.08723573317583379, 'price_chg120d': 0.09283716431446733, 'ocfp_ttm': 0.08843931781192542, 'revenues_ln': 0.09862141909684231, 'ocf_to_operating_profit': 0.08204291997428527, 'ep_deducted_ttm': 0.08641755808004767, 'asset_ln': 0.08113109693250053, 'amount_mean_20d': 0.08798795735899737, 'currentratio': 0.08268238406042282}
2026-06-20 22:56:48 - strategy.Original - INFO - Calculating stock scores...
2026-06-20 22:57:00 - strategy.Original - INFO - Saved results to stock_score_daily
2026-06-20 22:57:00 - strategy.Original - INFO -   Total stocks: 500
2026-06-20 22:57:00 - strategy.Original - INFO -   Total dates: 352
2026-06-20 22:57:01 - strategy.Original - INFO - 
Latest date 2026-06-18 Top10:
2026-06-20 22:57:01 - strategy.Original - INFO -   000539.SZ: score=0.0414, rank=1
2026-06-20 22:57:01 - strategy.Original - INFO -   000062.SZ: score=0.0307, rank=2
2026-06-20 22:57:01 - strategy.Original - INFO -   603156.SH: score=0.0208, rank=3
2026-06-20 22:57:01 - strategy.Original - INFO -   603228.SH: score=0.0157, rank=4
2026-06-20 22:57:01 - strategy.Original - INFO -   600378.SH: score=0.0149, rank=5
2026-06-20 22:57:01 - strategy.Original - INFO -   601168.SH: score=0.0141, rank=6
2026-06-20 22:57:01 - strategy.Original - INFO -   601179.SH: score=0.0140, rank=7
2026-06-20 22:57:01 - strategy.Original - INFO -   300757.SZ: score=0.0138, rank=8
2026-06-20 22:57:01 - strategy.Original - INFO -   600602.SH: score=0.0128, rank=9
2026-06-20 22:57:01 - strategy.Original - INFO -   002080.SZ: score=0.0119, rank=10
2026-06-20 22:57:01 - strategy.Original - INFO - Generating charts...
2026-06-20 22:57:17 - strategy.Original - INFO - ============================================================
2026-06-20 22:57:17 - strategy.Original - INFO - Strategy [Original] completed in 73.9s
2026-06-20 22:57:17 - strategy.Original - INFO - ============================================================
2026-06-20 22:57:17 - strategy.Mined - INFO - ============================================================
2026-06-20 22:57:17 - strategy.Mined - INFO - Strategy [Mined] pipeline started
2026-06-20 22:57:17 - strategy.Mined - INFO - ============================================================
2026-06-20 22:57:17 - strategy.Mined - INFO - Loading processed base factors and mined factors...
2026-06-20 22:57:35 - strategy.Mined - INFO -   Merged data: 0 rows, 0 dates
2026-06-20 22:57:35 - strategy.Mined - INFO -   Base factors: 15, Mined factors: 12
2026-06-20 22:57:35 - strategy.Mined - INFO - Preprocessing merged V2 data...
2026-06-20 22:57:35 - strategy.Mined - INFO - IC analysis and factor selection...
2026-06-20 22:57:35 - strategy.Mined - WARNING - No factors selected, using all available factors
2026-06-20 22:57:35 - strategy.Mined - INFO - Selected 0 factors: []
2026-06-20 22:57:35 - strategy.Mined - INFO - Aligning factor directions (IC < 0 -> flip)...
2026-06-20 22:57:35 - strategy.Mined - INFO - Training LightGBM model...
2026-06-20 22:57:35 - strategy.Mined - ERROR - Strategy [Mined] failed: "None of [Index(['future_5d_return', 'code', 'trade_date'], dtype='object')] are in the [columns]"
Traceback (most recent call last):
  File "C:\Users\Lenovo\Desktop\聚宽\factor_engine\strategy\base.py", line 264, in run
    self.train_ml_model()
    ~~~~~~~~~~~~~~~~~~~^^
  File "C:\Users\Lenovo\Desktop\聚宽\factor_engine\strategy\base.py", line 155, in train_ml_model
    df_ml, feature_cols = prepare_ml_data(self.df_proc, self.selected)
                          ~~~~~~~~~~~~~~~^^^^^^^^^^^^^^^^^^^^^^^^^^^^^
  File "C:\Users\Lenovo\Desktop\聚宽\factor_engine\ml_model.py", line 23, in prepare_ml_data
    df = df_processed[feature_cols + [return_col, 'code', 'trade_date']].copy()
         ~~~~~~~~~~~~^^^^^^^^^^^^^^^^^^^^^^^^^^^^^^^^^^^^^^^^^^^^^^^^^^^
  File "D:\vnstudio2026\Lib\site-packages\pandas\core\frame.py", line 4108, in __getitem__
    indexer = self.columns._get_indexer_strict(key, "columns")[1]
              ~~~~~~~~~~~~~~~~~~~~~~~~~~~~~~~~^^^^^^^^^^^^^^^^
  File "D:\vnstudio2026\Lib\site-packages\pandas\core\indexes\base.py", line 6200, in _get_indexer_strict
    self._raise_if_missing(keyarr, indexer, axis_name)
    ~~~~~~~~~~~~~~~~~~~~~~^^^^^^^^^^^^^^^^^^^^^^^^^^^^
  File "D:\vnstudio2026\Lib\site-packages\pandas\core\indexes\base.py", line 6249, in _raise_if_missing
    raise KeyError(f"None of [{key}] are in the [{axis_name}]")
KeyError: "None of [Index(['future_5d_return', 'code', 'trade_date'], dtype='object')] are in the [columns]"
