2026-06-20 23:03:45 - root - INFO - Logging to file: C:\Users\Lenovo\Desktop\聚宽\logs\20260620\pipeline_230345.log
2026-06-20 23:03:45 - strategy.Mined - INFO - ============================================================
2026-06-20 23:03:45 - strategy.Mined - INFO - Strategy [Mined] pipeline started
2026-06-20 23:03:45 - strategy.Mined - INFO - ============================================================
2026-06-20 23:03:45 - strategy.Mined - INFO - Loading processed base factors and mined factors...
2026-06-20 23:04:06 - strategy.Mined - INFO -   Merged data: 175490 rows, 352 dates
2026-06-20 23:04:06 - strategy.Mined - INFO -   Base factors: 15, Mined factors: 12
2026-06-20 23:04:06 - strategy.Mined - INFO - Preprocessing merged V2 data...
2026-06-20 23:04:28 - strategy.Mined - INFO - IC analysis and factor selection...
2026-06-20 23:04:45 - strategy.Mined - INFO - Selected 23 factors: ['asset_ln_trend20', 'netincome_chg1y_std5', 'revenues_ln_trend20', 'asset_ln_trend5', 'netincome_chg1y_trend5', 'op_profit_chg1y_trend20', 'fcfp_ttm', 'price_chg180d_trend20', 'capex2sales', 'netincome_chg1y_std20', 'op_profit_chg1y', 'capex2sales_trend5', 'revenues_ln_std20', 'fcfp_ttm_x_price_chg180d', 'fcfp_ttm_x_price_chg120d', 'price_chg120d', 'ocfp_ttm', 'revenues_ln', 'ocf_to_operating_profit', 'ep_deducted_ttm', 'asset_ln', 'amount_mean_20d', 'currentratio']
2026-06-20 23:04:45 - strategy.Mined - INFO - Aligning factor directions (IC < 0 -> flip)...
2026-06-20 23:04:45 - strategy.Mined - INFO -   Flipped netincome_chg1y_std5 (IC=-0.0254)
2026-06-20 23:04:45 - strategy.Mined - INFO -   Flipped price_chg180d_trend20 (IC=-0.0290)
2026-06-20 23:04:45 - strategy.Mined - INFO -   Flipped netincome_chg1y_std20 (IC=-0.0191)
2026-06-20 23:04:45 - strategy.Mined - INFO -   Flipped capex2sales_trend5 (IC=-0.0252)
2026-06-20 23:04:45 - strategy.Mined - INFO -   Flipped revenues_ln_std20 (IC=-0.0139)
2026-06-20 23:04:45 - strategy.Mined - INFO -   Flipped price_chg120d (IC=-0.0159)
2026-06-20 23:04:45 - strategy.Mined - INFO -   Flipped amount_mean_20d (IC=-0.0007)
2026-06-20 23:04:45 - strategy.Mined - INFO - Training LightGBM model...
2026-06-20 23:04:46 - strategy.Mined - INFO -   Final weights: {'asset_ln_trend20': 0.03808251473586727, 'netincome_chg1y_std5': 0.035471878454481146, 'revenues_ln_trend20': 0.0423060888372346, 'asset_ln_trend5': 0.0354613712782685, 'netincome_chg1y_trend5': 0.03337708801462588, 'op_profit_chg1y_trend20': 0.03853258345800571, 'fcfp_ttm': 0.07394706604770337, 'price_chg180d_trend20': 0.04964479433753294, 'capex2sales': 0.05049365438962618, 'netincome_chg1y_std20': 0.04817429395624438, 'op_profit_chg1y': 0.05034325538914387, 'capex2sales_trend5': 0.033019323578610926, 'revenues_ln_std20': 0.04920125119627848, 'fcfp_ttm_x_price_chg180d': 0.04137629595013634, 'fcfp_ttm_x_price_chg120d': 0.038192795273530006, 'price_chg120d': 0.04544515312283486, 'ocfp_ttm': 0.04096818238152716, 'revenues_ln': 0.04219224338970029, 'ocf_to_operating_profit': 0.045778815171436796, 'ep_deducted_ttm': 0.037836731577272714, 'asset_ln': 0.04143737531532331, 'amount_mean_20d': 0.048286613235862974, 'currentratio': 0.04043063090875228}
2026-06-20 23:04:46 - strategy.Mined - INFO - Calculating stock scores...
2026-06-20 23:05:06 - strategy.Mined - INFO - Saved results to stock_score_daily_v2
2026-06-20 23:05:06 - strategy.Mined - INFO -   Total stocks: 500
2026-06-20 23:05:06 - strategy.Mined - INFO -   Total dates: 352
2026-06-20 23:05:06 - strategy.Mined - INFO - 
Latest date 2026-06-18 Top10:
2026-06-20 23:05:06 - strategy.Mined - INFO -   688347.SH: score=0.0377, rank=1
2026-06-20 23:05:06 - strategy.Mined - INFO -   600549.SH: score=0.0363, rank=2
2026-06-20 23:05:06 - strategy.Mined - INFO -   600378.SH: score=0.0212, rank=3
2026-06-20 23:05:06 - strategy.Mined - INFO -   603156.SH: score=0.0199, rank=4
2026-06-20 23:05:06 - strategy.Mined - INFO -   000733.SZ: score=0.0197, rank=5
2026-06-20 23:05:06 - strategy.Mined - INFO -   001696.SZ: score=0.0195, rank=6
2026-06-20 23:05:06 - strategy.Mined - INFO -   688322.SH: score=0.0181, rank=7
2026-06-20 23:05:06 - strategy.Mined - INFO -   601666.SH: score=0.0167, rank=8
2026-06-20 23:05:06 - strategy.Mined - INFO -   002429.SZ: score=0.0161, rank=9
2026-06-20 23:05:06 - strategy.Mined - INFO -   688772.SH: score=0.0142, rank=10
2026-06-20 23:05:06 - strategy.Mined - INFO - Generating charts...
2026-06-20 23:05:39 - strategy.Mined - INFO - ============================================================
2026-06-20 23:05:39 - strategy.Mined - INFO - Strategy [Mined] completed in 114.1s
2026-06-20 23:05:39 - strategy.Mined - INFO - ============================================================
