2026-06-20 22:22:10 - root - INFO - Logging to file: C:\Users\Lenovo\Desktop\УЂџт«й\logs\20260620\pipeline_222210.log
2026-06-20 22:22:10 - strategy.Mined - INFO - ============================================================
2026-06-20 22:22:10 - strategy.Mined - INFO - Strategy [Mined] pipeline started
2026-06-20 22:22:10 - strategy.Mined - INFO - ============================================================
2026-06-20 22:22:10 - strategy.Mined - INFO - Loading processed base factors and mined factors...
2026-06-20 22:22:28 - strategy.Mined - INFO -   Merged data: 173490 rows, 348 dates
2026-06-20 22:22:28 - strategy.Mined - INFO -   Base factors: 15, Mined factors: 12
2026-06-20 22:22:28 - strategy.Mined - INFO - Preprocessing merged V2 data...
2026-06-20 22:22:44 - strategy.Mined - INFO - IC analysis and factor selection...
2026-06-20 22:23:04 - strategy.Mined - ERROR - Strategy [Mined] failed: 'fcfp_ttm_x_price_chg180d'
Traceback (most recent call last):
  File "C:\Users\Lenovo\Desktop\УЂџт«й\factor_engine\strategy\base.py", line 262, in run
    self.select_factors()
    ~~~~~~~~~~~~~~~~~~~^^
  File "C:\Users\Lenovo\Desktop\УЂџт«й\factor_engine\strategy\base.py", line 118, in select_factors
    self.selected, self.weights, self.ic_means = select_factors(
                                                 ~~~~~~~~~~~~~~^
        self.df_proc,
        ^^^^^^^^^^^^^
    ...<3 lines>...
        factor_names=self.get_factor_names()
        ^^^^^^^^^^^^^^^^^^^^^^^^^^^^^^^^^^^^
    )
    ^
  File "C:\Users\Lenovo\Desktop\УЂџт«й\factor_engine\ic_analysis.py", line 158, in select_factors
    available_cats = set(FACTOR_CATEGORIES[f] for f in ic_stats.keys())
  File "C:\Users\Lenovo\Desktop\УЂџт«й\factor_engine\ic_analysis.py", line 158, in <genexpr>
    available_cats = set(FACTOR_CATEGORIES[f] for f in ic_stats.keys())
                         ~~~~~~~~~~~~~~~~~^^^
KeyError: 'fcfp_ttm_x_price_chg180d'
