2026-06-20 22:39:32 - root - INFO - Logging to file: C:\Users\Lenovo\Desktop\聚宽\logs\20260620\pipeline_223932.log
2026-06-20 22:39:32 - backtest.original - INFO - Loading close prices from local zips...
2026-06-20 22:39:32 - backtest.original - INFO -   Reading 全A日K/2024.zip...
2026-06-20 22:39:35 - backtest.original - INFO -   Reading 全A日K/2025.zip...
2026-06-20 22:39:38 - backtest.original - INFO -   Reading 全A日K/2026.zip...
2026-06-20 22:39:40 - backtest.original - INFO -   Loaded 295337 price records, 500 stocks
2026-06-20 22:39:40 - backtest.original - INFO - Running backtest [original]...
2026-06-20 22:39:40 - backtest.original - INFO -   Top N: 10, Rebalance freq: 5 days
2026-06-20 22:39:40 - backtest.original - INFO -   Buy cost: 0.0800%, Sell cost: 0.1800%
2026-06-20 22:39:40 - backtest.original - INFO -   Total dates: 348, Rebalance dates: 70
2026-06-20 22:39:40 - backtest.original - INFO -   Final NAV: 486.5411
2026-06-20 22:39:40 - backtest.original - INFO -   Saved backtest_results\original_records.csv
2026-06-20 22:39:40 - backtest.original - INFO -   Saved backtest_results\original_metrics.csv
2026-06-20 22:39:40 - backtest.mined - INFO - Loading close prices from local zips...
2026-06-20 22:39:40 - backtest.mined - INFO -   Reading 全A日K/2024.zip...
2026-06-20 22:39:42 - backtest.mined - INFO -   Reading 全A日K/2025.zip...
2026-06-20 22:39:44 - backtest.mined - INFO -   Reading 全A日K/2026.zip...
2026-06-20 22:39:46 - backtest.mined - INFO -   Loaded 295337 price records, 500 stocks
2026-06-20 22:39:46 - backtest.mined - INFO - Running backtest [mined]...
2026-06-20 22:39:46 - backtest.mined - INFO -   Top N: 10, Rebalance freq: 5 days
2026-06-20 22:39:46 - backtest.mined - INFO -   Buy cost: 0.0800%, Sell cost: 0.1800%
2026-06-20 22:39:46 - backtest.mined - INFO -   Total dates: 348, Rebalance dates: 70
2026-06-20 22:39:47 - backtest.mined - INFO -   Final NAV: 478.1379
2026-06-20 22:39:47 - backtest.mined - INFO -   Saved backtest_results\mined_records.csv
2026-06-20 22:39:47 - backtest.mined - INFO -   Saved backtest_results\mined_metrics.csv
2026-06-20 22:39:47 - backtest.pure_ic - INFO - Loading close prices from local zips...
2026-06-20 22:39:47 - backtest.pure_ic - INFO -   Reading 全A日K/2024.zip...
2026-06-20 22:39:49 - backtest.pure_ic - INFO -   Reading 全A日K/2025.zip...
2026-06-20 22:39:52 - backtest.pure_ic - INFO -   Reading 全A日K/2026.zip...
2026-06-20 22:39:54 - backtest.pure_ic - INFO -   Loaded 295337 price records, 500 stocks
2026-06-20 22:39:54 - backtest.pure_ic - INFO - Running backtest [pure_ic]...
2026-06-20 22:39:54 - backtest.pure_ic - INFO -   Top N: 10, Rebalance freq: 5 days
2026-06-20 22:39:54 - backtest.pure_ic - INFO -   Buy cost: 0.0800%, Sell cost: 0.1800%
2026-06-20 22:39:54 - backtest.pure_ic - INFO -   Total dates: 348, Rebalance dates: 70
2026-06-20 22:39:54 - backtest.pure_ic - INFO -   Final NAV: 1.2192
2026-06-20 22:39:54 - backtest.pure_ic - INFO -   Saved backtest_results\pure_ic_records.csv
2026-06-20 22:39:54 - backtest.pure_ic - INFO -   Saved backtest_results\pure_ic_metrics.csv
2026-06-20 22:39:54 - backtest.CSI500_EW - INFO - Loading close prices for benchmark [CSI500_EW]...
2026-06-20 22:40:00 - backtest.CSI500_EW - INFO -   Loaded 295337 price records, 500 stocks
