2026-06-20 21:56:10 - root - INFO - Logging to file: C:\Users\Lenovo\Desktop\聚宽\logs\20260620\pipeline_215610.log
2026-06-20 21:56:10 - strategy.Original - INFO - ============================================================
2026-06-20 21:56:10 - strategy.Original - INFO - Strategy [Original] pipeline started
2026-06-20 21:56:10 - strategy.Original - INFO - ============================================================
2026-06-20 21:56:10 - strategy.Original - INFO - Loading raw data from database...
2026-06-20 21:56:19 - strategy.Original - INFO -   Raw data: 173490 rows, 348 dates
2026-06-20 21:56:19 - strategy.Original - INFO - Preprocessing data (MAD -> market-cap neutralize -> ZScore)...
2026-06-20 21:57:08 - strategy.Original - INFO -   Processed data: 173490 rows
2026-06-20 21:57:24 - strategy.Original - INFO - IC analysis and factor selection...
2026-06-20 21:57:42 - strategy.Original - INFO - Selected 11 factors: ['fcfp_ttm', 'capex2sales', 'op_profit_chg1y', 'price_chg120d', 'ocfp_ttm', 'revenues_ln', 'ocf_to_operating_profit', 'ep_deducted_ttm', 'asset_ln', 'amount_mean_20d', 'currentratio']
2026-06-20 21:57:42 - strategy.Original - INFO - Aligning factor directions (IC < 0 -> flip)...
2026-06-20 21:57:42 - strategy.Original - INFO -   Flipped price_chg120d (IC=-0.0159)
2026-06-20 21:57:42 - strategy.Original - INFO -   Flipped amount_mean_20d (IC=-0.0007)
2026-06-20 21:57:42 - strategy.Original - INFO - Training LightGBM model...
2026-06-20 21:57:45 - strategy.Original - INFO -   Final weights: {'fcfp_ttm': 0.11418762940864279, 'capex2sales': 0.0984168197860348, 'op_profit_chg1y': 0.08723573317583379, 'price_chg120d': 0.09283716431446733, 'ocfp_ttm': 0.08843931781192542, 'revenues_ln': 0.09862141909684231, 'ocf_to_operating_profit': 0.08204291997428527, 'ep_deducted_ttm': 0.08641755808004767, 'asset_ln': 0.08113109693250053, 'amount_mean_20d': 0.08798795735899737, 'currentratio': 0.08268238406042282}
2026-06-20 21:57:45 - strategy.Original - INFO - Calculating stock scores...
2026-06-20 21:58:13 - strategy.Original - INFO - Saved results to stock_score_daily
2026-06-20 21:58:13 - strategy.Original - INFO -   Total stocks: 500
2026-06-20 21:58:13 - strategy.Original - INFO -   Total dates: 348
2026-06-20 21:58:13 - strategy.Original - INFO - 
Latest date 2026-06-12 Top10:
2026-06-20 21:58:13 - strategy.Original - INFO -   002432.SZ: score=0.0582, rank=1
2026-06-20 21:58:13 - strategy.Original - INFO -   000539.SZ: score=0.0441, rank=2
2026-06-20 21:58:13 - strategy.Original - INFO -   000733.SZ: score=0.0377, rank=3
2026-06-20 21:58:13 - strategy.Original - INFO -   600707.SH: score=0.0355, rank=4
2026-06-20 21:58:13 - strategy.Original - INFO -   688322.SH: score=0.0189, rank=5
2026-06-20 21:58:13 - strategy.Original - INFO -   603688.SH: score=0.0169, rank=6
2026-06-20 21:58:13 - strategy.Original - INFO -   600563.SH: score=0.0134, rank=7
2026-06-20 21:58:13 - strategy.Original - INFO -   002008.SZ: score=0.0130, rank=8
2026-06-20 21:58:13 - strategy.Original - INFO -   600498.SH: score=0.0126, rank=9
2026-06-20 21:58:13 - strategy.Original - INFO -   000951.SZ: score=0.0125, rank=10
2026-06-20 21:58:13 - strategy.Original - INFO - Generating charts...
2026-06-20 21:58:50 - strategy.Original - INFO - ============================================================
2026-06-20 21:58:50 - strategy.Original - INFO - Strategy [Original] completed in 159.8s
2026-06-20 21:58:50 - strategy.Original - INFO - ============================================================
