2026-06-20 21:52:02 - root - INFO - Logging to file: C:\Users\Lenovo\Desktop\×üÜÕ«¢\logs\20260620\pipeline_215202.log
2026-06-20 21:52:02 - strategy.Pure_IC - INFO - ============================================================
2026-06-20 21:52:02 - strategy.Pure_IC - INFO - Strategy [Pure_IC] pipeline started
2026-06-20 21:52:02 - strategy.Pure_IC - INFO - ============================================================
2026-06-20 21:52:02 - strategy.Pure_IC - INFO - Loading raw data from database...
2026-06-20 21:52:05 - strategy.Pure_IC - INFO -   Raw data: 173490 rows, 348 dates
2026-06-20 21:52:05 - strategy.Pure_IC - INFO - Preprocessing data (MAD -> market-cap neutralize -> ZScore)...
2026-06-20 21:52:21 - strategy.Pure_IC - INFO -   Processed data: 173490 rows
2026-06-20 21:52:31 - strategy.Pure_IC - INFO - IC analysis and factor selection...
2026-06-20 21:52:39 - strategy.Pure_IC - INFO - Selected 11 factors: ['fcfp_ttm', 'capex2sales', 'op_profit_chg1y', 'price_chg120d', 'ocfp_ttm', 'revenues_ln', 'ocf_to_operating_profit', 'ep_deducted_ttm', 'asset_ln', 'amount_mean_20d', 'currentratio']
2026-06-20 21:52:39 - strategy.Pure_IC - INFO - Aligning factor directions (IC < 0 -> flip)...
2026-06-20 21:52:39 - strategy.Pure_IC - INFO -   Flipped price_chg120d (IC=-0.0159)
2026-06-20 21:52:39 - strategy.Pure_IC - INFO -   Flipped amount_mean_20d (IC=-0.0007)
2026-06-20 21:52:39 - strategy.Pure_IC - INFO - Calculating stock scores...
2026-06-20 21:52:39 - strategy.Pure_IC - ERROR - Strategy [Pure_IC] failed: argument of type 'NoneType' is not iterable
Traceback (most recent call last):
  File "C:\Users\Lenovo\Desktop\×üÜÕ«¢\factor_engine\strategy\base.py", line 262, in run
    self.calc_scores()
    ~~~~~~~~~~~~~~~~^^
  File "C:\Users\Lenovo\Desktop\×üÜÕ«¢\factor_engine\strategy\base.py", line 173, in calc_scores
    self.df_score = calc_score(
                    ~~~~~~~~~~^
        self.df_proc,
        ^^^^^^^^^^^^^
    ...<3 lines>...
        model=self.model
        ^^^^^^^^^^^^^^^^
    )
    ^
  File "C:\Users\Lenovo\Desktop\×üÜÕ«¢\factor_engine\ml_model.py", line 91, in calc_score
    if col in df.columns and fac in weights:
                             ^^^^^^^^^^^^^^
TypeError: argument of type 'NoneType' is not iterable
