2026-06-20 21:53:18 - root - INFO - Logging to file: C:\Users\Lenovo\Desktop\聚宽\logs\20260620\pipeline_215318.log
2026-06-20 21:53:18 - strategy.Pure_IC - INFO - ============================================================
2026-06-20 21:53:18 - strategy.Pure_IC - INFO - Strategy [Pure_IC] pipeline started
2026-06-20 21:53:18 - strategy.Pure_IC - INFO - ============================================================
2026-06-20 21:53:18 - strategy.Pure_IC - INFO - Loading raw data from database...
2026-06-20 21:53:21 - strategy.Pure_IC - INFO -   Raw data: 173490 rows, 348 dates
2026-06-20 21:53:21 - strategy.Pure_IC - INFO - Preprocessing data (MAD -> market-cap neutralize -> ZScore)...
2026-06-20 21:53:37 - strategy.Pure_IC - INFO -   Processed data: 173490 rows
2026-06-20 21:53:47 - strategy.Pure_IC - INFO - IC analysis and factor selection...
2026-06-20 21:53:54 - strategy.Pure_IC - INFO - Selected 11 factors: ['fcfp_ttm', 'capex2sales', 'op_profit_chg1y', 'price_chg120d', 'ocfp_ttm', 'revenues_ln', 'ocf_to_operating_profit', 'ep_deducted_ttm', 'asset_ln', 'amount_mean_20d', 'currentratio']
2026-06-20 21:53:54 - strategy.Pure_IC - INFO - Aligning factor directions (IC < 0 -> flip)...
2026-06-20 21:53:54 - strategy.Pure_IC - INFO -   Flipped price_chg120d (IC=-0.0159)
2026-06-20 21:53:54 - strategy.Pure_IC - INFO -   Flipped amount_mean_20d (IC=-0.0007)
2026-06-20 21:53:54 - strategy.Pure_IC - INFO - ML disabled, using IC weights directly
2026-06-20 21:53:54 - strategy.Pure_IC - INFO - Calculating stock scores...
2026-06-20 21:54:05 - strategy.Pure_IC - INFO - Saved results to stock_score_daily_pure_ic
2026-06-20 21:54:05 - strategy.Pure_IC - INFO -   Total stocks: 500
2026-06-20 21:54:05 - strategy.Pure_IC - INFO -   Total dates: 348
2026-06-20 21:54:05 - strategy.Pure_IC - INFO - 
Latest date 2026-06-12 Top10:
2026-06-20 21:54:05 - strategy.Pure_IC - INFO -   601997.SH: score=1.0978, rank=1
2026-06-20 21:54:05 - strategy.Pure_IC - INFO -   002966.SZ: score=0.9472, rank=2
2026-06-20 21:54:05 - strategy.Pure_IC - INFO -   601061.SH: score=0.9059, rank=3
2026-06-20 21:54:05 - strategy.Pure_IC - INFO -   601665.SH: score=0.8757, rank=4
2026-06-20 21:54:05 - strategy.Pure_IC - INFO -   000783.SZ: score=0.8079, rank=5
2026-06-20 21:54:05 - strategy.Pure_IC - INFO -   688235.SH: score=0.7981, rank=6
2026-06-20 21:54:05 - strategy.Pure_IC - INFO -   000987.SZ: score=0.7526, rank=7
2026-06-20 21:54:05 - strategy.Pure_IC - INFO -   000709.SZ: score=0.7357, rank=8
2026-06-20 21:54:05 - strategy.Pure_IC - INFO -   600808.SH: score=0.7349, rank=9
2026-06-20 21:54:05 - strategy.Pure_IC - INFO -   600801.SH: score=0.7144, rank=10
2026-06-20 21:54:05 - strategy.Pure_IC - INFO - Generating charts...
2026-06-20 21:54:37 - strategy.Pure_IC - INFO - ============================================================
2026-06-20 21:54:37 - strategy.Pure_IC - INFO - Strategy [Pure_IC] completed in 79.2s
2026-06-20 21:54:37 - strategy.Pure_IC - INFO - ============================================================
