2026-06-21 14:03:56 - root - INFO - Logging to file: C:\Users\Lenovo\Desktop\聚宽_v2\logs\20260621\pipeline_140356.log
2026-06-21 14:03:56 - backtest.original - INFO - Loading close prices from local zips...
2026-06-21 14:03:56 - backtest.original - INFO -   Reading 全A日K/2024.zip...
2026-06-21 14:03:58 - backtest.original - INFO -   Reading 全A日K/2025.zip...
2026-06-21 14:04:01 - backtest.original - INFO -   Reading 全A日K/2026.zip...
2026-06-21 14:04:03 - backtest.original - INFO -   Loaded 295337 price records, 500 stocks
2026-06-21 14:04:03 - backtest.original - INFO - Running backtest [original]...
2026-06-21 14:04:03 - backtest.original - INFO -   Top N: 10, Rebalance freq: 5 days
2026-06-21 14:04:03 - backtest.original - INFO -   Buy cost: 0.0800%, Sell cost: 0.1800%
2026-06-21 14:04:03 - backtest.original - INFO -   Total dates: 352, Rebalance dates: 71
2026-06-21 14:04:03 - backtest.original - INFO -   Final NAV: 1.4097
2026-06-21 14:04:03 - backtest.original - INFO -   Saved backtest_results\original_records.csv
2026-06-21 14:04:03 - backtest.original - INFO -   Saved backtest_results\original_metrics.csv
2026-06-21 14:04:03 - backtest.mined - INFO - Loading close prices from local zips...
2026-06-21 14:04:03 - backtest.mined - INFO -   Reading 全A日K/2024.zip...
2026-06-21 14:04:06 - backtest.mined - INFO -   Reading 全A日K/2025.zip...
2026-06-21 14:04:08 - backtest.mined - INFO -   Reading 全A日K/2026.zip...
2026-06-21 14:04:10 - backtest.mined - INFO -   Loaded 295337 price records, 500 stocks
2026-06-21 14:04:10 - backtest.mined - INFO - Running backtest [mined]...
2026-06-21 14:04:10 - backtest.mined - INFO -   Top N: 10, Rebalance freq: 5 days
2026-06-21 14:04:10 - backtest.mined - INFO -   Buy cost: 0.0800%, Sell cost: 0.1800%
2026-06-21 14:04:10 - backtest.mined - INFO -   Total dates: 352, Rebalance dates: 71
2026-06-21 14:04:10 - backtest.mined - INFO -   Final NAV: 0.9347
2026-06-21 14:04:10 - backtest.mined - INFO -   Saved backtest_results\mined_records.csv
2026-06-21 14:04:10 - backtest.mined - INFO -   Saved backtest_results\mined_metrics.csv
2026-06-21 14:04:10 - backtest.pure_ic - INFO - Loading close prices from local zips...
2026-06-21 14:04:10 - backtest.pure_ic - INFO -   Reading 全A日K/2024.zip...
2026-06-21 14:04:12 - backtest.pure_ic - INFO -   Reading 全A日K/2025.zip...
2026-06-21 14:04:15 - backtest.pure_ic - INFO -   Reading 全A日K/2026.zip...
2026-06-21 14:04:17 - backtest.pure_ic - INFO -   Loaded 295337 price records, 500 stocks
2026-06-21 14:04:17 - backtest.pure_ic - INFO - Running backtest [pure_ic]...
2026-06-21 14:04:17 - backtest.pure_ic - INFO -   Top N: 10, Rebalance freq: 5 days
2026-06-21 14:04:17 - backtest.pure_ic - INFO -   Buy cost: 0.0800%, Sell cost: 0.1800%
2026-06-21 14:04:17 - backtest.pure_ic - INFO -   Total dates: 352, Rebalance dates: 71
2026-06-21 14:04:18 - backtest.pure_ic - INFO -   Final NAV: 1.1988
2026-06-21 14:04:18 - backtest.pure_ic - INFO -   Saved backtest_results\pure_ic_records.csv
2026-06-21 14:04:18 - backtest.pure_ic - INFO -   Saved backtest_results\pure_ic_metrics.csv
2026-06-21 14:04:18 - backtest.CSI500_EW - INFO - Loading close prices for benchmark [CSI500_EW]...
2026-06-21 14:04:24 - backtest.CSI500_EW - INFO -   Loaded 295337 price records, 500 stocks
